  [1m[35m (119.6ms)[0m  [1m[35mCREATE TABLE "schema_migrations" ("version" varchar NOT NULL PRIMARY KEY)[0m
  [1m[35m (75.8ms)[0m  [1m[35mCREATE TABLE "ar_internal_metadata" ("key" varchar NOT NULL PRIMARY KEY, "value" varchar, "created_at" datetime NOT NULL, "updated_at" datetime NOT NULL)[0m
  [1m[36mActiveRecord::SchemaMigration Load (0.1ms)[0m  [1m[34mSELECT "schema_migrations".* FROM "schema_migrations"[0m
Migrating to CreateUsers (20170118222647)
  [1m[35m (0.1ms)[0m  [1m[36mbegin transaction[0m
  [1m[35m (0.3ms)[0m  [1m[35mCREATE TABLE "users" ("id" INTEGER PRIMARY KEY AUTOINCREMENT NOT NULL, "name" varchar, "email" varchar, "created_at" datetime NOT NULL, "updated_at" datetime NOT NULL)[0m
  [1m[35mSQL (0.2ms)[0m  [1m[32mINSERT INTO "schema_migrations" ("version") VALUES (?)[0m  [["version", "20170118222647"]]
  [1m[35m (100.0ms)[0m  [1m[36mcommit transaction[0m
  [1m[36mActiveRecord::InternalMetadata Load (0.1ms)[0m  [1m[34mSELECT  "ar_internal_metadata".* FROM "ar_internal_metadata" WHERE "ar_internal_metadata"."key" = ? LIMIT ?[0m  [["key", :environment], ["LIMIT", 1]]
  [1m[35m (0.0ms)[0m  [1m[36mbegin transaction[0m
  [1m[35mSQL (0.2ms)[0m  [1m[32mINSERT INTO "ar_internal_metadata" ("key", "value", "created_at", "updated_at") VALUES (?, ?, ?, ?)[0m  [["key", "environment"], ["value", "development"], ["created_at", 2017-01-18 22:27:19 UTC], ["updated_at", 2017-01-18 22:27:19 UTC]]
  [1m[35m (71.4ms)[0m  [1m[36mcommit transaction[0m
  [1m[36mActiveRecord::SchemaMigration Load (0.1ms)[0m  [1m[34mSELECT "schema_migrations".* FROM "schema_migrations"[0m
Started GET "/" for 127.0.0.1 at 2017-01-18 17:31:03 -0500
  [1m[36mActiveRecord::SchemaMigration Load (0.1ms)[0m  [1m[34mSELECT "schema_migrations".* FROM "schema_migrations"[0m
Processing by Rails::WelcomeController#index as HTML
  Parameters: {"internal"=>true}
  Rendering /home/joe/.rbenv/versions/2.3.3/lib/ruby/gems/2.3.0/gems/railties-5.0.0.1/lib/rails/templates/rails/welcome/index.html.erb
  Rendered /home/joe/.rbenv/versions/2.3.3/lib/ruby/gems/2.3.0/gems/railties-5.0.0.1/lib/rails/templates/rails/welcome/index.html.erb (2.8ms)
Completed 200 OK in 90ms (Views: 25.7ms | ActiveRecord: 0.0ms)


Started GET "/users" for 127.0.0.1 at 2017-01-18 17:31:42 -0500
Processing by UsersController#index as HTML
  Rendering users/index.html.erb within layouts/application
  [1m[36mUser Load (0.1ms)[0m  [1m[34mSELECT "users".* FROM "users"[0m
  Rendered users/index.html.erb within layouts/application (37.4ms)
Completed 200 OK in 1365ms (Views: 1361.7ms | ActiveRecord: 0.3ms)


Started GET "/users/new" for 127.0.0.1 at 2017-01-18 17:31:55 -0500
Processing by UsersController#new as HTML
  Rendering users/new.html.erb within layouts/application
  Rendered users/_form.html.erb (88.8ms)
  Rendered users/new.html.erb within layouts/application (90.6ms)
Completed 200 OK in 137ms (Views: 119.5ms | ActiveRecord: 0.7ms)


Started POST "/users" for 127.0.0.1 at 2017-01-18 17:32:11 -0500
Processing by UsersController#create as HTML
  Parameters: {"utf8"=>"✓", "authenticity_token"=>"F9yfO2sNyNWVJsiy3BMTFyYIadBBRU6XFEyFci1rOcGsLKb14tCGP9CS5rGtd6LlCMg4rMRqm9ONYnt4CLIbJA==", "user"=>{"name"=>"Joe Mangas", "email"=>"mangas_j619@yahoo.com"}, "commit"=>"Create User"}
  [1m[35m (0.2ms)[0m  [1m[36mbegin transaction[0m
  [1m[35mSQL (1.5ms)[0m  [1m[32mINSERT INTO "users" ("name", "email", "created_at", "updated_at") VALUES (?, ?, ?, ?)[0m  [["name", "Joe Mangas"], ["email", "mangas_j619@yahoo.com"], ["created_at", 2017-01-18 22:32:11 UTC], ["updated_at", 2017-01-18 22:32:11 UTC]]
  [1m[35m (77.1ms)[0m  [1m[36mcommit transaction[0m
Redirected to http://localhost:3000/users/1
Completed 302 Found in 86ms (ActiveRecord: 78.9ms)


Started GET "/users/1" for 127.0.0.1 at 2017-01-18 17:32:11 -0500
Processing by UsersController#show as HTML
  Parameters: {"id"=>"1"}
  [1m[36mUser Load (0.3ms)[0m  [1m[34mSELECT  "users".* FROM "users" WHERE "users"."id" = ? LIMIT ?[0m  [["id", 1], ["LIMIT", 1]]
  Rendering users/show.html.erb within layouts/application
  Rendered users/show.html.erb within layouts/application (1.0ms)
Completed 200 OK in 37ms (Views: 16.2ms | ActiveRecord: 0.3ms)


Started GET "/users" for 127.0.0.1 at 2017-01-18 17:32:15 -0500
Processing by UsersController#index as HTML
  Rendering users/index.html.erb within layouts/application
  [1m[36mUser Load (0.2ms)[0m  [1m[34mSELECT "users".* FROM "users"[0m
  Rendered users/index.html.erb within layouts/application (1.8ms)
Completed 200 OK in 21ms (Views: 19.4ms | ActiveRecord: 0.2ms)


Started GET "/users/new" for 127.0.0.1 at 2017-01-18 17:33:04 -0500
Processing by UsersController#new as HTML
  Rendering users/new.html.erb within layouts/application
  Rendered users/_form.html.erb (5.1ms)
  Rendered users/new.html.erb within layouts/application (6.9ms)
Completed 200 OK in 32ms (Views: 29.3ms | ActiveRecord: 0.0ms)


Started POST "/users" for 127.0.0.1 at 2017-01-18 17:33:12 -0500
Processing by UsersController#create as HTML
  Parameters: {"utf8"=>"✓", "authenticity_token"=>"6V7tgH7LcXP5BuQhF7g6Idb1DlSLUvO5XmlmbZ69r/RSrtRO9xY/mbyyyiJm3IvT+DVfKA59Jv3HR5hnu2SNEQ==", "user"=>{"name"=>"hello", "email"=>"hi"}, "commit"=>"Create User"}
  [1m[35m (0.1ms)[0m  [1m[36mbegin transaction[0m
  [1m[35mSQL (0.2ms)[0m  [1m[32mINSERT INTO "users" ("name", "email", "created_at", "updated_at") VALUES (?, ?, ?, ?)[0m  [["name", "hello"], ["email", "hi"], ["created_at", 2017-01-18 22:33:12 UTC], ["updated_at", 2017-01-18 22:33:12 UTC]]
  [1m[35m (193.8ms)[0m  [1m[36mcommit transaction[0m
Redirected to http://localhost:3000/users/2
Completed 302 Found in 198ms (ActiveRecord: 194.0ms)


Started GET "/users/2" for 127.0.0.1 at 2017-01-18 17:33:12 -0500
Processing by UsersController#show as HTML
  Parameters: {"id"=>"2"}
  [1m[36mUser Load (0.1ms)[0m  [1m[34mSELECT  "users".* FROM "users" WHERE "users"."id" = ? LIMIT ?[0m  [["id", 2], ["LIMIT", 1]]
  Rendering users/show.html.erb within layouts/application
  Rendered users/show.html.erb within layouts/application (0.6ms)
Completed 200 OK in 18ms (Views: 16.5ms | ActiveRecord: 0.1ms)


Started GET "/users" for 127.0.0.1 at 2017-01-18 17:33:16 -0500
Processing by UsersController#index as HTML
  Rendering users/index.html.erb within layouts/application
  [1m[36mUser Load (0.2ms)[0m  [1m[34mSELECT "users".* FROM "users"[0m
  Rendered users/index.html.erb within layouts/application (2.5ms)
Completed 200 OK in 23ms (Views: 19.8ms | ActiveRecord: 0.2ms)


Started DELETE "/users/2" for 127.0.0.1 at 2017-01-18 17:33:20 -0500
Processing by UsersController#destroy as HTML
  Parameters: {"authenticity_token"=>"7t1toNFaUX1YGr70UBhSLaoxhNETcheUxM3Gor/ZhldLI/mDX1CtBYyljcnPMt/zJveoWKll01PEhMtA+WxCMg==", "id"=>"2"}
  [1m[36mUser Load (0.1ms)[0m  [1m[34mSELECT  "users".* FROM "users" WHERE "users"."id" = ? LIMIT ?[0m  [["id", 2], ["LIMIT", 1]]
  [1m[35m (0.1ms)[0m  [1m[36mbegin transaction[0m
  [1m[35mSQL (0.2ms)[0m  [1m[31mDELETE FROM "users" WHERE "users"."id" = ?[0m  [["id", 2]]
  [1m[35m (96.0ms)[0m  [1m[36mcommit transaction[0m
Redirected to http://localhost:3000/users
Completed 302 Found in 100ms (ActiveRecord: 96.4ms)


Started GET "/users" for 127.0.0.1 at 2017-01-18 17:33:20 -0500
Processing by UsersController#index as HTML
  Rendering users/index.html.erb within layouts/application
  [1m[36mUser Load (0.2ms)[0m  [1m[34mSELECT "users".* FROM "users"[0m
  Rendered users/index.html.erb within layouts/application (1.9ms)
Completed 200 OK in 18ms (Views: 16.6ms | ActiveRecord: 0.2ms)


Started GET "/users/1/edit" for 127.0.0.1 at 2017-01-18 17:39:51 -0500
Processing by UsersController#edit as HTML
  Parameters: {"id"=>"1"}
  [1m[36mUser Load (0.1ms)[0m  [1m[34mSELECT  "users".* FROM "users" WHERE "users"."id" = ? LIMIT ?[0m  [["id", 1], ["LIMIT", 1]]
  Rendering users/edit.html.erb within layouts/application
  Rendered users/_form.html.erb (2.4ms)
  Rendered users/edit.html.erb within layouts/application (4.1ms)
Completed 200 OK in 27ms (Views: 24.8ms | ActiveRecord: 0.1ms)


Started GET "/users" for 127.0.0.1 at 2017-01-18 17:40:10 -0500
Processing by UsersController#index as HTML
  Rendering users/index.html.erb within layouts/application
  [1m[36mUser Load (0.2ms)[0m  [1m[34mSELECT "users".* FROM "users"[0m
  Rendered users/index.html.erb within layouts/application (2.3ms)
Completed 200 OK in 23ms (Views: 21.6ms | ActiveRecord: 0.2ms)


  [1m[36mActiveRecord::SchemaMigration Load (0.1ms)[0m  [1m[34mSELECT "schema_migrations".* FROM "schema_migrations"[0m
Migrating to CreateMicroposts (20170118224640)
  [1m[35m (0.1ms)[0m  [1m[36mbegin transaction[0m
  [1m[35m (0.9ms)[0m  [1m[35mCREATE TABLE "microposts" ("id" INTEGER PRIMARY KEY AUTOINCREMENT NOT NULL, "content" text, "user_id" integer, "created_at" datetime NOT NULL, "updated_at" datetime NOT NULL)[0m
  [1m[35mSQL (0.1ms)[0m  [1m[32mINSERT INTO "schema_migrations" ("version") VALUES (?)[0m  [["version", "20170118224640"]]
  [1m[35m (125.1ms)[0m  [1m[36mcommit transaction[0m
  [1m[36mActiveRecord::InternalMetadata Load (0.1ms)[0m  [1m[34mSELECT  "ar_internal_metadata".* FROM "ar_internal_metadata" WHERE "ar_internal_metadata"."key" = ? LIMIT ?[0m  [["key", :environment], ["LIMIT", 1]]
  [1m[35m (0.0ms)[0m  [1m[36mbegin transaction[0m
  [1m[35m (0.0ms)[0m  [1m[36mcommit transaction[0m
  [1m[36mActiveRecord::SchemaMigration Load (0.1ms)[0m  [1m[34mSELECT "schema_migrations".* FROM "schema_migrations"[0m
Started DELETE "/users/1" for 127.0.0.1 at 2017-01-18 17:48:57 -0500
  [1m[36mActiveRecord::SchemaMigration Load (0.1ms)[0m  [1m[34mSELECT "schema_migrations".* FROM "schema_migrations"[0m
Processing by UsersController#destroy as HTML
  Parameters: {"authenticity_token"=>"ehoqm2PCtO8K4QUKWe82wixaaDhvJEym8oKucZ+xR2/f5L647chIl95eNjfGxbscoJxEsdUziGHyy6OT2QSDCg==", "id"=>"1"}
  [1m[36mUser Load (0.1ms)[0m  [1m[34mSELECT  "users".* FROM "users" WHERE "users"."id" = ? LIMIT ?[0m  [["id", 1], ["LIMIT", 1]]
  [1m[35m (0.0ms)[0m  [1m[36mbegin transaction[0m
  [1m[35mSQL (0.1ms)[0m  [1m[31mDELETE FROM "users" WHERE "users"."id" = ?[0m  [["id", 1]]
  [1m[35m (335.8ms)[0m  [1m[36mcommit transaction[0m
Redirected to http://localhost:3000/users
Completed 302 Found in 343ms (ActiveRecord: 336.5ms)


Started GET "/users" for 127.0.0.1 at 2017-01-18 17:48:57 -0500
Processing by UsersController#index as HTML
  Rendering users/index.html.erb within layouts/application
  [1m[36mUser Load (0.1ms)[0m  [1m[34mSELECT "users".* FROM "users"[0m
  Rendered users/index.html.erb within layouts/application (1.3ms)
Completed 200 OK in 85ms (Views: 83.3ms | ActiveRecord: 0.1ms)


Started GET "/users/new" for 127.0.0.1 at 2017-01-18 17:49:06 -0500
Processing by UsersController#new as HTML
  Rendering users/new.html.erb within layouts/application
  Rendered users/_form.html.erb (3.7ms)
  Rendered users/new.html.erb within layouts/application (4.9ms)
Completed 200 OK in 28ms (Views: 25.4ms | ActiveRecord: 0.0ms)


Started POST "/users" for 127.0.0.1 at 2017-01-18 17:49:46 -0500
Processing by UsersController#create as HTML
  Parameters: {"utf8"=>"✓", "authenticity_token"=>"MM5zrr3FTJr7X/0TOhQEtydtCG1CFhuXhtZ0c2GADaeLPkpgNBgCcL7r0xBLcLVFCa1ZEcc5ztMf+Ip5RFkvQg==", "user"=>{"name"=>"Biily Bob Joe", "email"=>"BBJ@whatever.com"}, "commit"=>"Create User"}
  [1m[35m (0.1ms)[0m  [1m[36mbegin transaction[0m
  [1m[35mSQL (0.3ms)[0m  [1m[32mINSERT INTO "users" ("name", "email", "created_at", "updated_at") VALUES (?, ?, ?, ?)[0m  [["name", "Biily Bob Joe"], ["email", "BBJ@whatever.com"], ["created_at", 2017-01-18 22:49:46 UTC], ["updated_at", 2017-01-18 22:49:46 UTC]]
  [1m[35m (457.5ms)[0m  [1m[36mcommit transaction[0m
Redirected to http://localhost:3000/users/3
Completed 302 Found in 465ms (ActiveRecord: 457.9ms)


Started GET "/users/3" for 127.0.0.1 at 2017-01-18 17:49:46 -0500
Processing by UsersController#show as HTML
  Parameters: {"id"=>"3"}
  [1m[36mUser Load (0.1ms)[0m  [1m[34mSELECT  "users".* FROM "users" WHERE "users"."id" = ? LIMIT ?[0m  [["id", 3], ["LIMIT", 1]]
  Rendering users/show.html.erb within layouts/application
  Rendered users/show.html.erb within layouts/application (0.5ms)
Completed 200 OK in 16ms (Views: 14.6ms | ActiveRecord: 0.1ms)


Started GET "/users" for 127.0.0.1 at 2017-01-18 17:49:48 -0500
Processing by UsersController#index as HTML
  Rendering users/index.html.erb within layouts/application
  [1m[36mUser Load (0.3ms)[0m  [1m[34mSELECT "users".* FROM "users"[0m
  Rendered users/index.html.erb within layouts/application (3.6ms)
Completed 200 OK in 35ms (Views: 32.3ms | ActiveRecord: 0.3ms)


Started GET "/microposts" for 127.0.0.1 at 2017-01-18 17:50:51 -0500
Processing by MicropostsController#index as HTML
  Rendering microposts/index.html.erb within layouts/application
  [1m[36mMicropost Load (0.2ms)[0m  [1m[34mSELECT "microposts".* FROM "microposts"[0m
  Rendered microposts/index.html.erb within layouts/application (3.2ms)
Completed 200 OK in 40ms (Views: 32.8ms | ActiveRecord: 0.6ms)


Started GET "/microposts/new" for 127.0.0.1 at 2017-01-18 17:50:54 -0500
Processing by MicropostsController#new as HTML
  Rendering microposts/new.html.erb within layouts/application
  Rendered microposts/_form.html.erb (262.3ms)
  Rendered microposts/new.html.erb within layouts/application (263.5ms)
Completed 200 OK in 304ms (Views: 289.6ms | ActiveRecord: 0.5ms)


Started POST "/microposts" for 127.0.0.1 at 2017-01-18 17:51:07 -0500
Processing by MicropostsController#create as HTML
  Parameters: {"utf8"=>"✓", "authenticity_token"=>"j6kZxgaYI9jzSOsBtfTZv6E0kzaGy7H4Y3A6GUZIgkzs5Iycgf/A5qbo3MHlJtiI7p8EFo+uMc3dtzykWsKdAw==", "micropost"=>{"content"=>"Hello", "user_id"=>"1"}, "commit"=>"Create Micropost"}
  [1m[35m (0.1ms)[0m  [1m[36mbegin transaction[0m
  [1m[35mSQL (2.0ms)[0m  [1m[32mINSERT INTO "microposts" ("content", "user_id", "created_at", "updated_at") VALUES (?, ?, ?, ?)[0m  [["content", "Hello"], ["user_id", 1], ["created_at", 2017-01-18 22:51:07 UTC], ["updated_at", 2017-01-18 22:51:07 UTC]]
  [1m[35m (84.9ms)[0m  [1m[36mcommit transaction[0m
Redirected to http://localhost:3000/microposts/1
Completed 302 Found in 92ms (ActiveRecord: 87.0ms)


Started GET "/microposts/1" for 127.0.0.1 at 2017-01-18 17:51:07 -0500
Processing by MicropostsController#show as HTML
  Parameters: {"id"=>"1"}
  [1m[36mMicropost Load (0.1ms)[0m  [1m[34mSELECT  "microposts".* FROM "microposts" WHERE "microposts"."id" = ? LIMIT ?[0m  [["id", 1], ["LIMIT", 1]]
  Rendering microposts/show.html.erb within layouts/application
  Rendered microposts/show.html.erb within layouts/application (0.5ms)
Completed 200 OK in 15ms (Views: 13.6ms | ActiveRecord: 0.1ms)


Started GET "/microposts" for 127.0.0.1 at 2017-01-18 17:51:11 -0500
Processing by MicropostsController#index as HTML
  Rendering microposts/index.html.erb within layouts/application
  [1m[36mMicropost Load (0.2ms)[0m  [1m[34mSELECT "microposts".* FROM "microposts"[0m
  Rendered microposts/index.html.erb within layouts/application (1.8ms)
Completed 200 OK in 20ms (Views: 19.0ms | ActiveRecord: 0.2ms)


Started GET "/microposts/new" for 127.0.0.1 at 2017-01-18 17:52:49 -0500
Processing by MicropostsController#new as HTML
  Rendering microposts/new.html.erb within layouts/application
  Rendered microposts/_form.html.erb (2.2ms)
  Rendered microposts/new.html.erb within layouts/application (3.0ms)
Completed 200 OK in 22ms (Views: 16.9ms | ActiveRecord: 0.5ms)


Started POST "/microposts" for 127.0.0.1 at 2017-01-18 17:53:22 -0500
Processing by MicropostsController#create as HTML
  Parameters: {"utf8"=>"✓", "authenticity_token"=>"wUpju0p/ClBgA74cuy1TlpAHGWxDLisj7xNQSF6feOuiB/bhzRjpbjWjidzr/1Kh36yOTEpLqxZR1Fb1QhVnpA==", "micropost"=>{"content"=>"hhhhhhhhhhhhhhhhhhhhhhhhhhhhhhhhhhhhhhhhhhhhhhhhhhhhhhhhhhhhhhhhhhhhhhhhhhhhhhhhhhhhhhhhhhhhhhhhhhhhhhhhhhhhhhhhhhhhhhhhhhhhhhhhhhhhhhhhhhhhhhhhhhhhhhhhhhhhhhhhhhhhhhhhhhhhhhhhhhhhhhhhhhhhhhhhhhhhhhhhhhhhhhhhhhhhhhhhhhhhhhhhhhhhhhhhhhhhhhhhhhhhhhhhhhhhhhhhhhhhhhhhhhhhhhhhhhhhhhhhhhhhhhhhhhhhhhhhhhhhhhhhhhhhhhhhhhhhhhhhhhhhhhhhhhhhhhhhhhhhhhhhhhhhhhhhhhhhhhhhhhhhhhhhhhhhhhhhhhhhhhhhhhhhhhhhhhhhhhhhhhhhhhhhhhhhhhhhhhhhhhhhhhhhhhhhhhhhhhhhhhhhhhhhhhhhhhhhhhhhhhhhhhhhhhhhhhhhhhhhhhhhhhhhhhhhhhhhhhhhhhhhhhhhhhhhhhhhhhhhhhhhhhhhhhhhhhhhhhhhhhhhhhhhhhhhhhhhhhhhhhhhhhhhhhhhhhhhhhhhhhhhhhhhhhhhhhhhhhhhhhhhhhhhhhhhhhhhhhhhhhhhhhhhhhhhhhhhhhhhhhhhhhhhhhhhhhhhhhhhh", "user_id"=>"1"}, "commit"=>"Create Micropost"}
  [1m[35m (0.1ms)[0m  [1m[36mbegin transaction[0m
  [1m[35m (0.0ms)[0m  [1m[31mrollback transaction[0m
  Rendering microposts/new.html.erb within layouts/application
  Rendered microposts/_form.html.erb (2.2ms)
  Rendered microposts/new.html.erb within layouts/application (3.0ms)
Completed 200 OK in 23ms (Views: 20.5ms | ActiveRecord: 0.1ms)


Started GET "/microposts" for 127.0.0.1 at 2017-01-18 17:55:24 -0500
Processing by MicropostsController#index as HTML
  Rendering microposts/index.html.erb within layouts/application
  [1m[36mMicropost Load (0.2ms)[0m  [1m[34mSELECT "microposts".* FROM "microposts"[0m
  Rendered microposts/index.html.erb within layouts/application (4.3ms)
Completed 200 OK in 76ms (Views: 17.5ms | ActiveRecord: 0.6ms)


  [1m[36mUser Load (0.1ms)[0m  [1m[34mSELECT  "users".* FROM "users" ORDER BY "users"."id" ASC LIMIT ?[0m  [["LIMIT", 1]]
  [1m[36mMicropost Load (0.1ms)[0m  [1m[34mSELECT "microposts".* FROM "microposts" WHERE "microposts"."user_id" = ?[0m  [["user_id", 3]]
Started GET "/" for 127.0.0.1 at 2017-01-20 13:01:22 -0500
  [1m[36mActiveRecord::SchemaMigration Load (0.2ms)[0m  [1m[34mSELECT "schema_migrations".* FROM "schema_migrations"[0m
Processing by UsersController#index as HTML
  Rendering users/index.html.erb within layouts/application
  [1m[36mUser Load (0.1ms)[0m  [1m[34mSELECT "users".* FROM "users"[0m
  Rendered users/index.html.erb within layouts/application (20.5ms)
Completed 200 OK in 544ms (Views: 516.3ms | ActiveRecord: 0.5ms)


Started GET "/users/new" for 127.0.0.1 at 2017-01-20 13:07:08 -0500
Processing by UsersController#new as HTML
Completed 500 Internal Server Error in 9ms (ActiveRecord: 0.4ms)


  
NameError (undefined local variable or method `email' for #<Class:0x0055f5208753f0>):
  
app/models/user.rb:4:in `<class:User>'
app/models/user.rb:1:in `<top (required)>'
app/controllers/users_controller.rb:17:in `new'
  Rendering /home/joe/.rbenv/versions/2.3.3/lib/ruby/gems/2.3.0/gems/actionpack-5.0.0.1/lib/action_dispatch/middleware/templates/rescues/diagnostics.html.erb within rescues/layout
  Rendering /home/joe/.rbenv/versions/2.3.3/lib/ruby/gems/2.3.0/gems/actionpack-5.0.0.1/lib/action_dispatch/middleware/templates/rescues/_source.html.erb
  Rendered /home/joe/.rbenv/versions/2.3.3/lib/ruby/gems/2.3.0/gems/actionpack-5.0.0.1/lib/action_dispatch/middleware/templates/rescues/_source.html.erb (2.4ms)
  Rendering /home/joe/.rbenv/versions/2.3.3/lib/ruby/gems/2.3.0/gems/actionpack-5.0.0.1/lib/action_dispatch/middleware/templates/rescues/_trace.html.erb
  Rendered /home/joe/.rbenv/versions/2.3.3/lib/ruby/gems/2.3.0/gems/actionpack-5.0.0.1/lib/action_dispatch/middleware/templates/rescues/_trace.html.erb (1.2ms)
  Rendering /home/joe/.rbenv/versions/2.3.3/lib/ruby/gems/2.3.0/gems/actionpack-5.0.0.1/lib/action_dispatch/middleware/templates/rescues/_request_and_response.html.erb
  Rendered /home/joe/.rbenv/versions/2.3.3/lib/ruby/gems/2.3.0/gems/actionpack-5.0.0.1/lib/action_dispatch/middleware/templates/rescues/_request_and_response.html.erb (0.6ms)
  Rendered /home/joe/.rbenv/versions/2.3.3/lib/ruby/gems/2.3.0/gems/actionpack-5.0.0.1/lib/action_dispatch/middleware/templates/rescues/diagnostics.html.erb within rescues/layout (18.4ms)
  Rendering /home/joe/.rbenv/versions/2.3.3/lib/ruby/gems/2.3.0/gems/web-console-3.1.1/lib/web_console/templates/index.html.erb
  Rendered /home/joe/.rbenv/versions/2.3.3/lib/ruby/gems/2.3.0/gems/web-console-3.1.1/lib/web_console/templates/_markup.html.erb (0.4ms)
  Rendering /home/joe/.rbenv/versions/2.3.3/lib/ruby/gems/2.3.0/gems/web-console-3.1.1/lib/web_console/templates/console.js.erb within layouts/javascript
  Rendering /home/joe/.rbenv/versions/2.3.3/lib/ruby/gems/2.3.0/gems/web-console-3.1.1/lib/web_console/templates/_inner_console_markup.html.erb within layouts/inlined_string
  Rendered /home/joe/.rbenv/versions/2.3.3/lib/ruby/gems/2.3.0/gems/web-console-3.1.1/lib/web_console/templates/_inner_console_markup.html.erb within layouts/inlined_string (0.3ms)
  Rendering /home/joe/.rbenv/versions/2.3.3/lib/ruby/gems/2.3.0/gems/web-console-3.1.1/lib/web_console/templates/_prompt_box_markup.html.erb within layouts/inlined_string
  Rendered /home/joe/.rbenv/versions/2.3.3/lib/ruby/gems/2.3.0/gems/web-console-3.1.1/lib/web_console/templates/_prompt_box_markup.html.erb within layouts/inlined_string (0.2ms)
  Rendering /home/joe/.rbenv/versions/2.3.3/lib/ruby/gems/2.3.0/gems/web-console-3.1.1/lib/web_console/templates/style.css.erb within layouts/inlined_string
  Rendered /home/joe/.rbenv/versions/2.3.3/lib/ruby/gems/2.3.0/gems/web-console-3.1.1/lib/web_console/templates/style.css.erb within layouts/inlined_string (0.2ms)
  Rendered /home/joe/.rbenv/versions/2.3.3/lib/ruby/gems/2.3.0/gems/web-console-3.1.1/lib/web_console/templates/console.js.erb within layouts/javascript (75.4ms)
  Rendering /home/joe/.rbenv/versions/2.3.3/lib/ruby/gems/2.3.0/gems/web-console-3.1.1/lib/web_console/templates/main.js.erb within layouts/javascript
  Rendered /home/joe/.rbenv/versions/2.3.3/lib/ruby/gems/2.3.0/gems/web-console-3.1.1/lib/web_console/templates/main.js.erb within layouts/javascript (0.3ms)
  Rendered /home/joe/.rbenv/versions/2.3.3/lib/ruby/gems/2.3.0/gems/web-console-3.1.1/lib/web_console/templates/index.html.erb (101.3ms)
Started GET "/users/new" for 127.0.0.1 at 2017-01-20 13:11:09 -0500
Processing by UsersController#new as HTML
  Rendering users/new.html.erb within layouts/application
  Rendered users/_form.html.erb (28.8ms)
  Rendered users/new.html.erb within layouts/application (73.5ms)
Completed 200 OK in 92ms (Views: 86.2ms | ActiveRecord: 0.6ms)


Started POST "/users" for 127.0.0.1 at 2017-01-20 13:11:15 -0500
Processing by UsersController#create as HTML
  Parameters: {"utf8"=>"✓", "authenticity_token"=>"HBsYliZAQWiXZl2FgkpulGUF+xqv7wvLib6uru3XerkluWrisZlMdxYlJt7x+j/TRj1+Q3A99tLj6/VDsVrO1w==", "user"=>{"name"=>"", "email"=>""}, "commit"=>"Create User"}
  [1m[35m (0.1ms)[0m  [1m[36mbegin transaction[0m
  [1m[35m (0.0ms)[0m  [1m[31mrollback transaction[0m
Completed 500 Internal Server Error in 5ms (ActiveRecord: 0.1ms)


  
NoMethodError (undefined method `User' for #<User:0x007f89dd76b600>):
  
app/controllers/users_controller.rb:30:in `block in create'
app/controllers/users_controller.rb:29:in `create'
  Rendering /home/joe/.rbenv/versions/2.3.3/lib/ruby/gems/2.3.0/gems/actionpack-5.0.0.1/lib/action_dispatch/middleware/templates/rescues/diagnostics.html.erb within rescues/layout
  Rendering /home/joe/.rbenv/versions/2.3.3/lib/ruby/gems/2.3.0/gems/actionpack-5.0.0.1/lib/action_dispatch/middleware/templates/rescues/_source.html.erb
  Rendered /home/joe/.rbenv/versions/2.3.3/lib/ruby/gems/2.3.0/gems/actionpack-5.0.0.1/lib/action_dispatch/middleware/templates/rescues/_source.html.erb (3.7ms)
  Rendering /home/joe/.rbenv/versions/2.3.3/lib/ruby/gems/2.3.0/gems/actionpack-5.0.0.1/lib/action_dispatch/middleware/templates/rescues/_trace.html.erb
  Rendered /home/joe/.rbenv/versions/2.3.3/lib/ruby/gems/2.3.0/gems/actionpack-5.0.0.1/lib/action_dispatch/middleware/templates/rescues/_trace.html.erb (1.7ms)
  Rendering /home/joe/.rbenv/versions/2.3.3/lib/ruby/gems/2.3.0/gems/actionpack-5.0.0.1/lib/action_dispatch/middleware/templates/rescues/_request_and_response.html.erb
  Rendered /home/joe/.rbenv/versions/2.3.3/lib/ruby/gems/2.3.0/gems/actionpack-5.0.0.1/lib/action_dispatch/middleware/templates/rescues/_request_and_response.html.erb (0.9ms)
  Rendered /home/joe/.rbenv/versions/2.3.3/lib/ruby/gems/2.3.0/gems/actionpack-5.0.0.1/lib/action_dispatch/middleware/templates/rescues/diagnostics.html.erb within rescues/layout (19.8ms)
  Rendering /home/joe/.rbenv/versions/2.3.3/lib/ruby/gems/2.3.0/gems/web-console-3.1.1/lib/web_console/templates/index.html.erb
  Rendered /home/joe/.rbenv/versions/2.3.3/lib/ruby/gems/2.3.0/gems/web-console-3.1.1/lib/web_console/templates/_markup.html.erb (0.4ms)
  Rendering /home/joe/.rbenv/versions/2.3.3/lib/ruby/gems/2.3.0/gems/web-console-3.1.1/lib/web_console/templates/console.js.erb within layouts/javascript
  Rendering /home/joe/.rbenv/versions/2.3.3/lib/ruby/gems/2.3.0/gems/web-console-3.1.1/lib/web_console/templates/_inner_console_markup.html.erb within layouts/inlined_string
  Rendered /home/joe/.rbenv/versions/2.3.3/lib/ruby/gems/2.3.0/gems/web-console-3.1.1/lib/web_console/templates/_inner_console_markup.html.erb within layouts/inlined_string (0.3ms)
  Rendering /home/joe/.rbenv/versions/2.3.3/lib/ruby/gems/2.3.0/gems/web-console-3.1.1/lib/web_console/templates/_prompt_box_markup.html.erb within layouts/inlined_string
  Rendered /home/joe/.rbenv/versions/2.3.3/lib/ruby/gems/2.3.0/gems/web-console-3.1.1/lib/web_console/templates/_prompt_box_markup.html.erb within layouts/inlined_string (0.3ms)
  Rendering /home/joe/.rbenv/versions/2.3.3/lib/ruby/gems/2.3.0/gems/web-console-3.1.1/lib/web_console/templates/style.css.erb within layouts/inlined_string
  Rendered /home/joe/.rbenv/versions/2.3.3/lib/ruby/gems/2.3.0/gems/web-console-3.1.1/lib/web_console/templates/style.css.erb within layouts/inlined_string (0.3ms)
  Rendered /home/joe/.rbenv/versions/2.3.3/lib/ruby/gems/2.3.0/gems/web-console-3.1.1/lib/web_console/templates/console.js.erb within layouts/javascript (16.0ms)
  Rendering /home/joe/.rbenv/versions/2.3.3/lib/ruby/gems/2.3.0/gems/web-console-3.1.1/lib/web_console/templates/main.js.erb within layouts/javascript
  Rendered /home/joe/.rbenv/versions/2.3.3/lib/ruby/gems/2.3.0/gems/web-console-3.1.1/lib/web_console/templates/main.js.erb within layouts/javascript (0.2ms)
  Rendered /home/joe/.rbenv/versions/2.3.3/lib/ruby/gems/2.3.0/gems/web-console-3.1.1/lib/web_console/templates/index.html.erb (28.4ms)
Started POST "/users" for 127.0.0.1 at 2017-01-20 13:12:16 -0500
Processing by UsersController#create as HTML
  Parameters: {"utf8"=>"✓", "authenticity_token"=>"HBsYliZAQWiXZl2FgkpulGUF+xqv7wvLib6uru3XerkluWrisZlMdxYlJt7x+j/TRj1+Q3A99tLj6/VDsVrO1w==", "user"=>{"name"=>"", "email"=>""}, "commit"=>"Create User"}
  [1m[35m (0.1ms)[0m  [1m[36mbegin transaction[0m
  [1m[35m (0.0ms)[0m  [1m[31mrollback transaction[0m
Completed 500 Internal Server Error in 5ms (ActiveRecord: 0.1ms)


  
NoMethodError (undefined method `User' for #<User:0x007f89d893d208>):
  
app/controllers/users_controller.rb:30:in `block in create'
app/controllers/users_controller.rb:29:in `create'
  Rendering /home/joe/.rbenv/versions/2.3.3/lib/ruby/gems/2.3.0/gems/actionpack-5.0.0.1/lib/action_dispatch/middleware/templates/rescues/diagnostics.html.erb within rescues/layout
  Rendering /home/joe/.rbenv/versions/2.3.3/lib/ruby/gems/2.3.0/gems/actionpack-5.0.0.1/lib/action_dispatch/middleware/templates/rescues/_source.html.erb
  Rendered /home/joe/.rbenv/versions/2.3.3/lib/ruby/gems/2.3.0/gems/actionpack-5.0.0.1/lib/action_dispatch/middleware/templates/rescues/_source.html.erb (3.1ms)
  Rendering /home/joe/.rbenv/versions/2.3.3/lib/ruby/gems/2.3.0/gems/actionpack-5.0.0.1/lib/action_dispatch/middleware/templates/rescues/_trace.html.erb
  Rendered /home/joe/.rbenv/versions/2.3.3/lib/ruby/gems/2.3.0/gems/actionpack-5.0.0.1/lib/action_dispatch/middleware/templates/rescues/_trace.html.erb (1.2ms)
  Rendering /home/joe/.rbenv/versions/2.3.3/lib/ruby/gems/2.3.0/gems/actionpack-5.0.0.1/lib/action_dispatch/middleware/templates/rescues/_request_and_response.html.erb
  Rendered /home/joe/.rbenv/versions/2.3.3/lib/ruby/gems/2.3.0/gems/actionpack-5.0.0.1/lib/action_dispatch/middleware/templates/rescues/_request_and_response.html.erb (0.7ms)
  Rendered /home/joe/.rbenv/versions/2.3.3/lib/ruby/gems/2.3.0/gems/actionpack-5.0.0.1/lib/action_dispatch/middleware/templates/rescues/diagnostics.html.erb within rescues/layout (18.8ms)
  Rendering /home/joe/.rbenv/versions/2.3.3/lib/ruby/gems/2.3.0/gems/web-console-3.1.1/lib/web_console/templates/index.html.erb
  Rendered /home/joe/.rbenv/versions/2.3.3/lib/ruby/gems/2.3.0/gems/web-console-3.1.1/lib/web_console/templates/_markup.html.erb (0.3ms)
  Rendering /home/joe/.rbenv/versions/2.3.3/lib/ruby/gems/2.3.0/gems/web-console-3.1.1/lib/web_console/templates/console.js.erb within layouts/javascript
  Rendering /home/joe/.rbenv/versions/2.3.3/lib/ruby/gems/2.3.0/gems/web-console-3.1.1/lib/web_console/templates/_inner_console_markup.html.erb within layouts/inlined_string
  Rendered /home/joe/.rbenv/versions/2.3.3/lib/ruby/gems/2.3.0/gems/web-console-3.1.1/lib/web_console/templates/_inner_console_markup.html.erb within layouts/inlined_string (0.3ms)
  Rendering /home/joe/.rbenv/versions/2.3.3/lib/ruby/gems/2.3.0/gems/web-console-3.1.1/lib/web_console/templates/_prompt_box_markup.html.erb within layouts/inlined_string
  Rendered /home/joe/.rbenv/versions/2.3.3/lib/ruby/gems/2.3.0/gems/web-console-3.1.1/lib/web_console/templates/_prompt_box_markup.html.erb within layouts/inlined_string (0.3ms)
  Rendering /home/joe/.rbenv/versions/2.3.3/lib/ruby/gems/2.3.0/gems/web-console-3.1.1/lib/web_console/templates/style.css.erb within layouts/inlined_string
  Rendered /home/joe/.rbenv/versions/2.3.3/lib/ruby/gems/2.3.0/gems/web-console-3.1.1/lib/web_console/templates/style.css.erb within layouts/inlined_string (0.3ms)
  Rendered /home/joe/.rbenv/versions/2.3.3/lib/ruby/gems/2.3.0/gems/web-console-3.1.1/lib/web_console/templates/console.js.erb within layouts/javascript (15.1ms)
  Rendering /home/joe/.rbenv/versions/2.3.3/lib/ruby/gems/2.3.0/gems/web-console-3.1.1/lib/web_console/templates/main.js.erb within layouts/javascript
  Rendered /home/joe/.rbenv/versions/2.3.3/lib/ruby/gems/2.3.0/gems/web-console-3.1.1/lib/web_console/templates/main.js.erb within layouts/javascript (0.3ms)
  Rendered /home/joe/.rbenv/versions/2.3.3/lib/ruby/gems/2.3.0/gems/web-console-3.1.1/lib/web_console/templates/index.html.erb (26.9ms)
Started GET "/" for 127.0.0.1 at 2017-01-20 13:12:21 -0500
Processing by UsersController#index as HTML
  Rendering users/index.html.erb within layouts/application
  [1m[36mUser Load (0.1ms)[0m  [1m[34mSELECT "users".* FROM "users"[0m
  Rendered users/index.html.erb within layouts/application (1.4ms)
Completed 200 OK in 16ms (Views: 14.7ms | ActiveRecord: 0.1ms)


